[2026-03-23T16:05:26 | GameTime: Day 1  12:00am] [INFO] === SESSION START ===
[2026-03-23T16:05:57 | GameTime: Day 1  05:30am] [INFO] === SESSION END ===
[2026-03-23T16:46:03 | GameTime: Day 1  12:00am] [INFO] === SESSION START ===
[2026-03-23T16:47:03 | GameTime: Day 1  05:59am] [INFO] ♥ Day 1  05:59am
[2026-03-23T16:47:54 | GameTime: Day 1  06:49am] [INFO] === SESSION END ===
[2026-03-24T20:06:06 | GameTime: Day 1  12:00am] [INFO] === SESSION START ===
[2026-03-24T20:06:37 | GameTime: Day 1  05:30am] [INFO] === SESSION END ===
[2026-03-24T20:06:49 | GameTime: Day 1  12:00am] [INFO] === SESSION START ===
[2026-03-24T20:07:01 | GameTime: Day 1  05:12am] [INFO] === SESSION END ===
[2026-03-24T20:33:50 | GameTime: Day 1  12:00am] [INFO] === SESSION START ===
[2026-03-24T20:33:55 | GameTime: Day 1  05:03am] [INFO] === SESSION END ===
[2026-03-24T20:36:29 | GameTime: Day 1  12:00am] [INFO] === SESSION START ===
[2026-03-24T20:36:41 | GameTime: Day 1  05:12am] [INFO] === SESSION END ===
[2026-03-24T20:37:44 | GameTime: Day 1  12:00am] [INFO] === SESSION START ===
[2026-03-24T20:38:01 | GameTime: Day 1  05:15am] [INFO] === SESSION END ===
[2026-03-24T20:39:03 | GameTime: Day 1  12:00am] [INFO] === SESSION START ===
[2026-03-24T20:39:11 | GameTime: Day 1  05:08am] [INFO] === SESSION END ===
[2026-03-26T19:33:35 | GameTime: Day 1  12:00am] [INFO] === SESSION START ===
[2026-03-26T19:33:46 | GameTime: Day 1  05:11am] [INFO] === SESSION END ===
[2026-03-26T20:18:34 | GameTime: Day 1  12:00am] [INFO] === SESSION START ===
[2026-03-26T20:19:34 | GameTime: Day 1  05:59am] [INFO] ♥ Day 1  05:59am
[2026-03-26T20:20:34 | GameTime: Day 1  06:59am] [INFO] ♥ Day 1  06:59am
[2026-03-26T20:21:34 | GameTime: Day 1  07:59am] [INFO] ♥ Day 1  07:59am
[2026-03-26T20:22:34 | GameTime: Day 1  08:58am] [INFO] ♥ Day 1  08:59am
[2026-03-26T20:23:12 | GameTime: Day 1  12:00am] [INFO] === SESSION START ===
[2026-03-26T20:24:11 | GameTime: Day 1  05:59am] [INFO] ♥ Day 1  05:59am
[2026-03-26T20:25:12 | GameTime: Day 1  06:59am] [INFO] ♥ Day 1  06:59am
[2026-03-26T20:26:11 | GameTime: Day 1  07:59am] [INFO] ♥ Day 1  07:59am
[2026-03-26T20:27:11 | GameTime: Day 1  08:58am] [INFO] ♥ Day 1  08:59am
[2026-03-26T20:28:11 | GameTime: Day 1  09:58am] [INFO] ♥ Day 1  09:59am
[2026-03-26T20:29:11 | GameTime: Day 1  10:58am] [INFO] ♥ Day 1  10:59am
[2026-03-26T20:30:11 | GameTime: Day 1  11:58am] [INFO] ♥ Day 1  11:59am
[2026-03-26T20:31:11 | GameTime: Day 1  12:58pm] [INFO] ♥ Day 1  12:59pm
[2026-03-26T20:32:11 | GameTime: Day 1  01:58pm] [INFO] ♥ Day 1  01:59pm
[2026-03-26T20:33:11 | GameTime: Day 1  02:58pm] [INFO] ♥ Day 1  02:59pm
[2026-03-26T20:34:11 | GameTime: Day 1  03:58pm] [INFO] ♥ Day 1  03:59pm
[2026-03-26T20:35:11 | GameTime: Day 1  04:59pm] [INFO] ♥ Day 1  04:59pm
[2026-03-26T20:36:11 | GameTime: Day 1  05:59pm] [INFO] ♥ Day 1  05:59pm
[2026-03-26T20:37:11 | GameTime: Day 1  06:59pm] [INFO] ♥ Day 1  06:59pm
[2026-03-26T20:38:11 | GameTime: Day 1  07:59pm] [INFO] ♥ Day 1  07:59pm
[2026-03-26T20:39:11 | GameTime: Day 1  08:59pm] [INFO] ♥ Day 1  08:59pm
[2026-03-26T20:40:11 | GameTime: Day 1  09:59pm] [INFO] ♥ Day 1  09:59pm
[2026-03-26T20:41:11 | GameTime: Day 1  10:59pm] [INFO] ♥ Day 1  10:59pm
[2026-03-26T20:42:11 | GameTime: Day 1  11:59pm] [INFO] ♥ Day 1  11:59pm
[2026-03-26T20:43:11 | GameTime: Day 2  12:59am] [INFO] ♥ Day 2  12:59am
[2026-03-26T20:44:11 | GameTime: Day 2  01:59am] [INFO] ♥ Day 2  01:59am
[2026-03-26T20:45:11 | GameTime: Day 2  02:59am] [INFO] ♥ Day 2  02:59am
[2026-03-26T20:46:11 | GameTime: Day 2  03:59am] [INFO] ♥ Day 2  03:59am
[2026-03-26T20:47:11 | GameTime: Day 2  04:59am] [INFO] ♥ Day 2  04:59am
[2026-03-26T20:48:11 | GameTime: Day 2  05:59am] [INFO] ♥ Day 2  05:59am
[2026-03-26T20:49:11 | GameTime: Day 2  06:59am] [INFO] ♥ Day 2  06:59am
[2026-03-26T20:50:11 | GameTime: Day 2  07:59am] [INFO] ♥ Day 2  07:59am
[2026-03-26T20:51:11 | GameTime: Day 2  08:58am] [INFO] ♥ Day 2  08:59am
[2026-03-26T20:52:11 | GameTime: Day 2  09:58am] [INFO] ♥ Day 2  09:59am
[2026-03-26T20:53:11 | GameTime: Day 2  10:58am] [INFO] ♥ Day 2  10:59am
[2026-03-26T20:54:11 | GameTime: Day 2  11:58am] [INFO] ♥ Day 2  11:59am
[2026-03-26T20:55:11 | GameTime: Day 2  12:58pm] [INFO] ♥ Day 2  12:59pm
[2026-03-26T20:56:11 | GameTime: Day 2  01:58pm] [INFO] ♥ Day 2  01:59pm
[2026-03-26T20:57:11 | GameTime: Day 2  02:58pm] [INFO] ♥ Day 2  02:59pm
[2026-03-26T20:58:11 | GameTime: Day 2  03:58pm] [INFO] ♥ Day 2  03:59pm
[2026-03-26T20:59:11 | GameTime: Day 2  04:59pm] [INFO] ♥ Day 2  04:59pm
[2026-03-26T21:00:11 | GameTime: Day 2  05:59pm] [INFO] ♥ Day 2  05:59pm
[2026-03-26T21:01:11 | GameTime: Day 2  06:59pm] [INFO] ♥ Day 2  06:59pm
[2026-03-26T21:02:11 | GameTime: Day 2  07:59pm] [INFO] ♥ Day 2  07:59pm
[2026-03-26T21:03:11 | GameTime: Day 2  08:59pm] [INFO] ♥ Day 2  08:59pm
[2026-03-26T21:04:11 | GameTime: Day 2  09:59pm] [INFO] ♥ Day 2  09:59pm
[2026-03-26T21:05:11 | GameTime: Day 2  10:59pm] [INFO] ♥ Day 2  10:59pm
[2026-03-26T21:06:11 | GameTime: Day 2  11:59pm] [INFO] ♥ Day 2  11:59pm
[2026-03-26T21:07:11 | GameTime: Day 3  12:59am] [INFO] ♥ Day 3  12:59am
[2026-03-26T21:08:11 | GameTime: Day 3  01:59am] [INFO] ♥ Day 3  01:59am
[2026-03-26T21:09:10 | GameTime: Day 3  02:59am] [INFO] ♥ Day 3  02:59am
[2026-03-26T21:10:10 | GameTime: Day 3  03:59am] [INFO] ♥ Day 3  03:59am
[2026-03-26T21:26:21 | GameTime: Day 1  12:00am] [INFO] === SESSION START ===
[2026-03-26T21:26:34 | GameTime: Day 1  05:13am] [INFO] === SESSION END ===
[2026-03-26T21:28:15 | GameTime: Day 1  12:00am] [INFO] === SESSION START ===
[2026-03-26T21:28:19 | GameTime: Day 1  05:03am] [INFO] === SESSION END ===
[2026-03-26T21:33:00 | GameTime: Day 1  12:00am] [INFO] === SESSION START ===
[2026-03-26T21:33:13 | GameTime: Day 1  05:13am] [INFO] === SESSION END ===
[2026-03-26T21:33:25 | GameTime: Day 1  12:00am] [INFO] === SESSION START ===
[2026-03-26T21:33:39 | GameTime: Day 1  05:13am] [INFO] === SESSION END ===
[2026-03-26T21:33:46 | GameTime: Day 1  12:00am] [INFO] === SESSION START ===
[2026-03-26T21:33:52 | GameTime: Day 1  05:05am] [INFO] === SESSION END ===
[2026-03-26T21:35:06 | GameTime: Day 1  12:00am] [INFO] === SESSION START ===
[2026-03-26T21:35:15 | GameTime: Day 1  05:08am] [INFO] === SESSION END ===
[2026-03-26T21:35:22 | GameTime: Day 1  12:00am] [INFO] === SESSION START ===
[2026-03-26T21:35:27 | GameTime: Day 1  05:04am] [INFO] === SESSION END ===
[2026-03-26T21:36:20 | GameTime: Day 1  12:00am] [INFO] === SESSION START ===
[2026-03-26T21:36:24 | GameTime: Day 1  05:03am] [INFO] === SESSION END ===
[2026-03-26T21:37:16 | GameTime: Day 1  12:00am] [INFO] === SESSION START ===
[2026-03-26T21:37:22 | GameTime: Day 1  05:05am] [INFO] === SESSION END ===
[2026-03-26T21:37:40 | GameTime: Day 1  12:00am] [INFO] === SESSION START ===
[2026-03-26T21:38:08 | GameTime: Day 1  05:28am] [INFO] === SESSION END ===
[2026-03-26T21:39:49 | GameTime: Day 1  12:00am] [INFO] === SESSION START ===
[2026-03-26T21:39:53 | GameTime: Day 1  05:03am] [INFO] === SESSION END ===
[2026-03-26T21:41:34 | GameTime: Day 1  12:00am] [INFO] === SESSION START ===
[2026-03-26T21:41:38 | GameTime: Day 1  05:03am] [INFO] === SESSION END ===
[2026-03-26T21:45:08 | GameTime: Day 1  12:00am] [INFO] === SESSION START ===
[2026-03-26T21:45:32 | GameTime: Day 1  05:24am] [INFO] === SESSION END ===
[2026-03-26T21:45:39 | GameTime: Day 1  12:00am] [INFO] === SESSION START ===
[2026-03-26T21:45:46 | GameTime: Day 1  05:05am] [INFO] === SESSION END ===
[2026-03-26T21:53:59 | GameTime: Day 1  12:00am] [INFO] === SESSION START ===
[2026-03-26T21:54:42 | GameTime: Day 1  05:42am] [INFO] === SESSION END ===
[2026-03-26T21:55:28 | GameTime: Day 1  12:00am] [INFO] === SESSION START ===
[2026-03-26T21:55:33 | GameTime: Day 1  05:04am] [INFO] === SESSION END ===
[2026-03-26T21:57:45 | GameTime: Day 1  12:00am] [INFO] === SESSION START ===
[2026-03-26T21:58:02 | GameTime: Day 1  05:16am] [INFO] === SESSION END ===
[2026-03-26T21:58:10 | GameTime: Day 1  12:00am] [INFO] === SESSION START ===
[2026-03-26T21:58:23 | GameTime: Day 1  05:12am] [INFO] === SESSION END ===
[2026-03-26T21:58:25 | GameTime: Day 1  12:00am] [INFO] === SESSION START ===
[2026-03-26T21:58:43 | GameTime: Day 1  05:17am] [INFO] === SESSION END ===
[2026-03-26T22:00:50 | GameTime: Day 1  12:00am] [INFO] === SESSION START ===
[2026-03-26T22:01:03 | GameTime: Day 1  05:12am] [INFO] === SESSION END ===
[2026-03-26T22:01:40 | GameTime: Day 1  12:00am] [INFO] === SESSION START ===
[2026-03-26T22:02:02 | GameTime: Day 1  05:21am] [INFO] === SESSION END ===
[2026-03-26T22:02:50 | GameTime: Day 1  12:00am] [INFO] === SESSION START ===
[2026-03-26T22:02:57 | GameTime: Day 1  05:05am] [INFO] === SESSION END ===
[2026-03-26T22:07:02 | GameTime: Day 1  12:00am] [INFO] === SESSION START ===
[2026-03-26T22:07:18 | GameTime: Day 1  05:15am] [INFO] === SESSION END ===
[2026-03-26T22:07:28 | GameTime: Day 1  12:00am] [INFO] === SESSION START ===
[2026-03-26T22:07:33 | GameTime: Day 1  05:04am] [INFO] === SESSION END ===
[2026-03-26T22:10:53 | GameTime: Day 1  12:00am] [INFO] === SESSION START ===
[2026-03-26T22:11:01 | GameTime: Day 1  05:06am] [INFO] === SESSION END ===
[2026-03-26T22:17:36 | GameTime: Day 1  12:00am] [INFO] === SESSION START ===
[2026-03-26T22:17:40 | GameTime: Day 1  05:03am] [INFO] === SESSION END ===
[2026-03-26T22:17:49 | GameTime: Day 1  12:00am] [INFO] === SESSION START ===
[2026-03-26T22:17:53 | GameTime: Day 1  05:03am] [INFO] === SESSION END ===
[2026-03-26T22:21:31 | GameTime: Day 1  12:00am] [INFO] === SESSION START ===
[2026-03-26T22:22:16 | GameTime: Day 1  05:45am] [INFO] TRADE: Player gave 5 Coins for 1 Sword from Bogus Buchannon
[2026-03-26T22:22:30 | GameTime: Day 1  05:59am] [INFO] ♥ Day 1  05:59am
[2026-03-26T22:22:54 | GameTime: Day 1  06:23am] [INFO] === SESSION END ===
[2026-03-26T22:23:38 | GameTime: Day 1  12:00am] [INFO] === SESSION START ===
[2026-03-26T22:23:47 | GameTime: Day 1  05:08am] [INFO] TRADE: Player gave 1 Coins for 1 Sword from Butthead
[2026-03-26T22:24:02 | GameTime: Day 1  05:24am] [INFO] TRADE: Player gave 5 Coins for 1 Sword from Butthead
[2026-03-26T22:24:24 | GameTime: Day 1  05:45am] [INFO] === SESSION END ===
